running egg_info
creating ../../build/my_pubsub_pkg/my_pubsub_pkg.egg-info
writing ../../build/my_pubsub_pkg/my_pubsub_pkg.egg-info/PKG-INFO
writing dependency_links to ../../build/my_pubsub_pkg/my_pubsub_pkg.egg-info/dependency_links.txt
writing entry points to ../../build/my_pubsub_pkg/my_pubsub_pkg.egg-info/entry_points.txt
writing requirements to ../../build/my_pubsub_pkg/my_pubsub_pkg.egg-info/requires.txt
writing top-level names to ../../build/my_pubsub_pkg/my_pubsub_pkg.egg-info/top_level.txt
writing manifest file '../../build/my_pubsub_pkg/my_pubsub_pkg.egg-info/SOURCES.txt'
reading manifest file '../../build/my_pubsub_pkg/my_pubsub_pkg.egg-info/SOURCES.txt'
writing manifest file '../../build/my_pubsub_pkg/my_pubsub_pkg.egg-info/SOURCES.txt'
running build
running build_py
creating /home/cc/ROS2/01_ros2_beginners/playground/01_intro/build/my_pubsub_pkg/build
creating /home/cc/ROS2/01_ros2_beginners/playground/01_intro/build/my_pubsub_pkg/build/lib
creating /home/cc/ROS2/01_ros2_beginners/playground/01_intro/build/my_pubsub_pkg/build/lib/my_pubsub_pkg
copying my_pubsub_pkg/subscriber_node.py -> /home/cc/ROS2/01_ros2_beginners/playground/01_intro/build/my_pubsub_pkg/build/lib/my_pubsub_pkg
copying my_pubsub_pkg/__init__.py -> /home/cc/ROS2/01_ros2_beginners/playground/01_intro/build/my_pubsub_pkg/build/lib/my_pubsub_pkg
copying my_pubsub_pkg/publisher_node.py -> /home/cc/ROS2/01_ros2_beginners/playground/01_intro/build/my_pubsub_pkg/build/lib/my_pubsub_pkg
running install
running install_lib
creating /home/cc/ROS2/01_ros2_beginners/playground/01_intro/install/my_pubsub_pkg/lib/python3.10/site-packages/my_pubsub_pkg
copying /home/cc/ROS2/01_ros2_beginners/playground/01_intro/build/my_pubsub_pkg/build/lib/my_pubsub_pkg/subscriber_node.py -> /home/cc/ROS2/01_ros2_beginners/playground/01_intro/install/my_pubsub_pkg/lib/python3.10/site-packages/my_pubsub_pkg
copying /home/cc/ROS2/01_ros2_beginners/playground/01_intro/build/my_pubsub_pkg/build/lib/my_pubsub_pkg/__init__.py -> /home/cc/ROS2/01_ros2_beginners/playground/01_intro/install/my_pubsub_pkg/lib/python3.10/site-packages/my_pubsub_pkg
copying /home/cc/ROS2/01_ros2_beginners/playground/01_intro/build/my_pubsub_pkg/build/lib/my_pubsub_pkg/publisher_node.py -> /home/cc/ROS2/01_ros2_beginners/playground/01_intro/install/my_pubsub_pkg/lib/python3.10/site-packages/my_pubsub_pkg
byte-compiling /home/cc/ROS2/01_ros2_beginners/playground/01_intro/install/my_pubsub_pkg/lib/python3.10/site-packages/my_pubsub_pkg/subscriber_node.py to subscriber_node.cpython-310.pyc
byte-compiling /home/cc/ROS2/01_ros2_beginners/playground/01_intro/install/my_pubsub_pkg/lib/python3.10/site-packages/my_pubsub_pkg/__init__.py to __init__.cpython-310.pyc
byte-compiling /home/cc/ROS2/01_ros2_beginners/playground/01_intro/install/my_pubsub_pkg/lib/python3.10/site-packages/my_pubsub_pkg/publisher_node.py to publisher_node.cpython-310.pyc
running install_data
creating /home/cc/ROS2/01_ros2_beginners/playground/01_intro/install/my_pubsub_pkg/share/ament_index
creating /home/cc/ROS2/01_ros2_beginners/playground/01_intro/install/my_pubsub_pkg/share/ament_index/resource_index
creating /home/cc/ROS2/01_ros2_beginners/playground/01_intro/install/my_pubsub_pkg/share/ament_index/resource_index/packages
copying resource/my_pubsub_pkg -> /home/cc/ROS2/01_ros2_beginners/playground/01_intro/install/my_pubsub_pkg/share/ament_index/resource_index/packages
copying package.xml -> /home/cc/ROS2/01_ros2_beginners/playground/01_intro/install/my_pubsub_pkg/share/my_pubsub_pkg
running install_egg_info
Copying ../../build/my_pubsub_pkg/my_pubsub_pkg.egg-info to /home/cc/ROS2/01_ros2_beginners/playground/01_intro/install/my_pubsub_pkg/lib/python3.10/site-packages/my_pubsub_pkg-0.0.0-py3.10.egg-info
running install_scripts
Installing publisher_node script to /home/cc/ROS2/01_ros2_beginners/playground/01_intro/install/my_pubsub_pkg/lib/my_pubsub_pkg
Installing subscriber_node script to /home/cc/ROS2/01_ros2_beginners/playground/01_intro/install/my_pubsub_pkg/lib/my_pubsub_pkg
writing list of installed files to '/home/cc/ROS2/01_ros2_beginners/playground/01_intro/build/my_pubsub_pkg/install.log'
