[0.455s] Invoking command in '/home/cc/ROS2/01_ros2_beginners/playground/01_intro/src/my_pubsub_pkg': PYTHONPATH=/home/cc/ROS2/01_ros2_beginners/playground/01_intro/build/my_pubsub_pkg/prefix_override:/usr/lib/python3/dist-packages/colcon_core/task/python/colcon_distutils_commands:/home/cc/ROS2/01_ros2_beginners/playground/01_intro/install/my_pubsub_pkg/lib/python3.10/site-packages:${PYTHONPATH} /usr/bin/python3 -W ignore:setup.py install is deprecated setup.py egg_info --egg-base ../../build/my_pubsub_pkg build --build-base /home/cc/ROS2/01_ros2_beginners/playground/01_intro/build/my_pubsub_pkg/build install --record /home/cc/ROS2/01_ros2_beginners/playground/01_intro/build/my_pubsub_pkg/install.log --single-version-externally-managed install_data
[0.626s] running egg_info
[0.626s] creating ../../build/my_pubsub_pkg/my_pubsub_pkg.egg-info
[0.626s] writing ../../build/my_pubsub_pkg/my_pubsub_pkg.egg-info/PKG-INFO
[0.626s] writing dependency_links to ../../build/my_pubsub_pkg/my_pubsub_pkg.egg-info/dependency_links.txt
[0.626s] writing entry points to ../../build/my_pubsub_pkg/my_pubsub_pkg.egg-info/entry_points.txt
[0.626s] writing requirements to ../../build/my_pubsub_pkg/my_pubsub_pkg.egg-info/requires.txt
[0.627s] writing top-level names to ../../build/my_pubsub_pkg/my_pubsub_pkg.egg-info/top_level.txt
[0.627s] writing manifest file '../../build/my_pubsub_pkg/my_pubsub_pkg.egg-info/SOURCES.txt'
[0.628s] reading manifest file '../../build/my_pubsub_pkg/my_pubsub_pkg.egg-info/SOURCES.txt'
[0.628s] writing manifest file '../../build/my_pubsub_pkg/my_pubsub_pkg.egg-info/SOURCES.txt'
[0.628s] running build
[0.628s] running build_py
[0.628s] creating /home/cc/ROS2/01_ros2_beginners/playground/01_intro/build/my_pubsub_pkg/build
[0.628s] creating /home/cc/ROS2/01_ros2_beginners/playground/01_intro/build/my_pubsub_pkg/build/lib
[0.628s] creating /home/cc/ROS2/01_ros2_beginners/playground/01_intro/build/my_pubsub_pkg/build/lib/my_pubsub_pkg
[0.628s] copying my_pubsub_pkg/subscriber_node.py -> /home/cc/ROS2/01_ros2_beginners/playground/01_intro/build/my_pubsub_pkg/build/lib/my_pubsub_pkg
[0.628s] copying my_pubsub_pkg/__init__.py -> /home/cc/ROS2/01_ros2_beginners/playground/01_intro/build/my_pubsub_pkg/build/lib/my_pubsub_pkg
[0.628s] copying my_pubsub_pkg/publisher_node.py -> /home/cc/ROS2/01_ros2_beginners/playground/01_intro/build/my_pubsub_pkg/build/lib/my_pubsub_pkg
[0.629s] running install
[0.629s] running install_lib
[0.629s] creating /home/cc/ROS2/01_ros2_beginners/playground/01_intro/install/my_pubsub_pkg/lib/python3.10/site-packages/my_pubsub_pkg
[0.629s] copying /home/cc/ROS2/01_ros2_beginners/playground/01_intro/build/my_pubsub_pkg/build/lib/my_pubsub_pkg/subscriber_node.py -> /home/cc/ROS2/01_ros2_beginners/playground/01_intro/install/my_pubsub_pkg/lib/python3.10/site-packages/my_pubsub_pkg
[0.630s] copying /home/cc/ROS2/01_ros2_beginners/playground/01_intro/build/my_pubsub_pkg/build/lib/my_pubsub_pkg/__init__.py -> /home/cc/ROS2/01_ros2_beginners/playground/01_intro/install/my_pubsub_pkg/lib/python3.10/site-packages/my_pubsub_pkg
[0.630s] copying /home/cc/ROS2/01_ros2_beginners/playground/01_intro/build/my_pubsub_pkg/build/lib/my_pubsub_pkg/publisher_node.py -> /home/cc/ROS2/01_ros2_beginners/playground/01_intro/install/my_pubsub_pkg/lib/python3.10/site-packages/my_pubsub_pkg
[0.630s] byte-compiling /home/cc/ROS2/01_ros2_beginners/playground/01_intro/install/my_pubsub_pkg/lib/python3.10/site-packages/my_pubsub_pkg/subscriber_node.py to subscriber_node.cpython-310.pyc
[0.630s] byte-compiling /home/cc/ROS2/01_ros2_beginners/playground/01_intro/install/my_pubsub_pkg/lib/python3.10/site-packages/my_pubsub_pkg/__init__.py to __init__.cpython-310.pyc
[0.630s] byte-compiling /home/cc/ROS2/01_ros2_beginners/playground/01_intro/install/my_pubsub_pkg/lib/python3.10/site-packages/my_pubsub_pkg/publisher_node.py to publisher_node.cpython-310.pyc
[0.630s] running install_data
[0.630s] creating /home/cc/ROS2/01_ros2_beginners/playground/01_intro/install/my_pubsub_pkg/share/ament_index
[0.630s] creating /home/cc/ROS2/01_ros2_beginners/playground/01_intro/install/my_pubsub_pkg/share/ament_index/resource_index
[0.630s] creating /home/cc/ROS2/01_ros2_beginners/playground/01_intro/install/my_pubsub_pkg/share/ament_index/resource_index/packages
[0.630s] copying resource/my_pubsub_pkg -> /home/cc/ROS2/01_ros2_beginners/playground/01_intro/install/my_pubsub_pkg/share/ament_index/resource_index/packages
[0.631s] copying package.xml -> /home/cc/ROS2/01_ros2_beginners/playground/01_intro/install/my_pubsub_pkg/share/my_pubsub_pkg
[0.631s] running install_egg_info
[0.631s] Copying ../../build/my_pubsub_pkg/my_pubsub_pkg.egg-info to /home/cc/ROS2/01_ros2_beginners/playground/01_intro/install/my_pubsub_pkg/lib/python3.10/site-packages/my_pubsub_pkg-0.0.0-py3.10.egg-info
[0.632s] running install_scripts
[0.643s] Installing publisher_node script to /home/cc/ROS2/01_ros2_beginners/playground/01_intro/install/my_pubsub_pkg/lib/my_pubsub_pkg
[0.643s] Installing subscriber_node script to /home/cc/ROS2/01_ros2_beginners/playground/01_intro/install/my_pubsub_pkg/lib/my_pubsub_pkg
[0.643s] writing list of installed files to '/home/cc/ROS2/01_ros2_beginners/playground/01_intro/build/my_pubsub_pkg/install.log'
[0.656s] Invoked command in '/home/cc/ROS2/01_ros2_beginners/playground/01_intro/src/my_pubsub_pkg' returned '0': PYTHONPATH=/home/cc/ROS2/01_ros2_beginners/playground/01_intro/build/my_pubsub_pkg/prefix_override:/usr/lib/python3/dist-packages/colcon_core/task/python/colcon_distutils_commands:/home/cc/ROS2/01_ros2_beginners/playground/01_intro/install/my_pubsub_pkg/lib/python3.10/site-packages:${PYTHONPATH} /usr/bin/python3 -W ignore:setup.py install is deprecated setup.py egg_info --egg-base ../../build/my_pubsub_pkg build --build-base /home/cc/ROS2/01_ros2_beginners/playground/01_intro/build/my_pubsub_pkg/build install --record /home/cc/ROS2/01_ros2_beginners/playground/01_intro/build/my_pubsub_pkg/install.log --single-version-externally-managed install_data
